CRITICAL - 2023-03-31 19:17:06 --> The framework needs the following extension(s) installed and loaded: intl.
in SYSTEMPATH\CodeIgniter.php on line 226.
 1 SYSTEMPATH\CodeIgniter.php(226): CodeIgniter\Exceptions\FrameworkException::forMissingExtension('intl')
 2 SYSTEMPATH\CodeIgniter.php(190): CodeIgniter\CodeIgniter->resolvePlatformExtensions()
 3 FCPATH\index.php(55): CodeIgniter\CodeIgniter->initialize()
CRITICAL - 2023-03-31 19:18:10 --> The framework needs the following extension(s) installed and loaded: intl.
in SYSTEMPATH\CodeIgniter.php on line 226.
 1 SYSTEMPATH\CodeIgniter.php(226): CodeIgniter\Exceptions\FrameworkException::forMissingExtension('intl')
 2 SYSTEMPATH\CodeIgniter.php(190): CodeIgniter\CodeIgniter->resolvePlatformExtensions()
 3 FCPATH\index.php(55): CodeIgniter\CodeIgniter->initialize()
CRITICAL - 2023-03-31 19:18:26 --> The framework needs the following extension(s) installed and loaded: intl.
in SYSTEMPATH\CodeIgniter.php on line 226.
 1 SYSTEMPATH\CodeIgniter.php(226): CodeIgniter\Exceptions\FrameworkException::forMissingExtension('intl')
 2 SYSTEMPATH\CodeIgniter.php(190): CodeIgniter\CodeIgniter->resolvePlatformExtensions()
 3 FCPATH\index.php(55): CodeIgniter\CodeIgniter->initialize()
CRITICAL - 2023-03-31 17:57:37 --> Class "App\Controllers\PageNotFoundException" not found
in APPPATH\Controllers\Pages.php on line 11.
 1 SYSTEMPATH\CodeIgniter.php(934): App\Controllers\Pages->view('home')
 2 SYSTEMPATH\CodeIgniter.php(499): CodeIgniter\CodeIgniter->runController(Object(App\Controllers\Pages))
 3 SYSTEMPATH\CodeIgniter.php(368): CodeIgniter\CodeIgniter->handleRequest(null, Object(Config\Cache), false)
 4 FCPATH\index.php(67): CodeIgniter\CodeIgniter->run()
CRITICAL - 2023-03-31 17:57:50 --> Class "App\Controllers\PageNotFoundException" not found
in APPPATH\Controllers\Pages.php on line 11.
 1 SYSTEMPATH\CodeIgniter.php(934): App\Controllers\Pages->view('pges')
 2 SYSTEMPATH\CodeIgniter.php(499): CodeIgniter\CodeIgniter->runController(Object(App\Controllers\Pages))
 3 SYSTEMPATH\CodeIgniter.php(368): CodeIgniter\CodeIgniter->handleRequest(null, Object(Config\Cache), false)
 4 FCPATH\index.php(67): CodeIgniter\CodeIgniter->run()
CRITICAL - 2023-03-31 17:58:02 --> Class "App\Controllers\PageNotFoundException" not found
in APPPATH\Controllers\Pages.php on line 11.
 1 SYSTEMPATH\CodeIgniter.php(934): App\Controllers\Pages->view('index')
 2 SYSTEMPATH\CodeIgniter.php(499): CodeIgniter\CodeIgniter->runController(Object(App\Controllers\Pages))
 3 SYSTEMPATH\CodeIgniter.php(368): CodeIgniter\CodeIgniter->handleRequest(null, Object(Config\Cache), false)
 4 FCPATH\index.php(67): CodeIgniter\CodeIgniter->run()
CRITICAL - 2023-03-31 17:58:49 --> Class "App\Controllers\PageNotFoundException" not found
in APPPATH\Controllers\Pages.php on line 11.
 1 SYSTEMPATH\CodeIgniter.php(934): App\Controllers\Pages->view('index')
 2 SYSTEMPATH\CodeIgniter.php(499): CodeIgniter\CodeIgniter->runController(Object(App\Controllers\Pages))
 3 SYSTEMPATH\CodeIgniter.php(368): CodeIgniter\CodeIgniter->handleRequest(null, Object(Config\Cache), false)
 4 FCPATH\index.php(67): CodeIgniter\CodeIgniter->run()
CRITICAL - 2023-03-31 17:59:01 --> Class "App\Controllers\PageNotFoundException" not found
in APPPATH\Controllers\Pages.php on line 11.
 1 SYSTEMPATH\CodeIgniter.php(934): App\Controllers\Pages->view('index')
 2 SYSTEMPATH\CodeIgniter.php(499): CodeIgniter\CodeIgniter->runController(Object(App\Controllers\Pages))
 3 SYSTEMPATH\CodeIgniter.php(368): CodeIgniter\CodeIgniter->handleRequest(null, Object(Config\Cache), false)
 4 FCPATH\index.php(67): CodeIgniter\CodeIgniter->run()
CRITICAL - 2023-03-31 17:59:32 --> Class "App\Controllers\PageNotFoundException" not found
in APPPATH\Controllers\Pages.php on line 11.
 1 SYSTEMPATH\CodeIgniter.php(934): App\Controllers\Pages->view('index')
 2 SYSTEMPATH\CodeIgniter.php(499): CodeIgniter\CodeIgniter->runController(Object(App\Controllers\Pages))
 3 SYSTEMPATH\CodeIgniter.php(368): CodeIgniter\CodeIgniter->handleRequest(null, Object(Config\Cache), false)
 4 FCPATH\index.php(67): CodeIgniter\CodeIgniter->run()
CRITICAL - 2023-03-31 18:00:53 --> Class "App\Controllers\PageNotFoundException" not found
in APPPATH\Controllers\Pages.php on line 11.
 1 SYSTEMPATH\CodeIgniter.php(934): App\Controllers\Pages->view('home')
 2 SYSTEMPATH\CodeIgniter.php(499): CodeIgniter\CodeIgniter->runController(Object(App\Controllers\Pages))
 3 SYSTEMPATH\CodeIgniter.php(368): CodeIgniter\CodeIgniter->handleRequest(null, Object(Config\Cache), false)
 4 FCPATH\index.php(67): CodeIgniter\CodeIgniter->run()
CRITICAL - 2023-03-31 18:03:04 --> Class "App\Controllers\PageNotFoundException" not found
in APPPATH\Controllers\Pages.php on line 11.
 1 SYSTEMPATH\CodeIgniter.php(934): App\Controllers\Pages->view('Pages')
 2 SYSTEMPATH\CodeIgniter.php(499): CodeIgniter\CodeIgniter->runController(Object(App\Controllers\Pages))
 3 SYSTEMPATH\CodeIgniter.php(368): CodeIgniter\CodeIgniter->handleRequest(null, Object(Config\Cache), false)
 4 FCPATH\index.php(67): CodeIgniter\CodeIgniter->run()
CRITICAL - 2023-03-31 18:04:03 --> Class "App\Controllers\PageNotFoundException" not found
in APPPATH\Controllers\Home.php on line 11.
 1 SYSTEMPATH\CodeIgniter.php(934): App\Controllers\Home->index()
 2 SYSTEMPATH\CodeIgniter.php(499): CodeIgniter\CodeIgniter->runController(Object(App\Controllers\Home))
 3 SYSTEMPATH\CodeIgniter.php(368): CodeIgniter\CodeIgniter->handleRequest(null, Object(Config\Cache), false)
 4 FCPATH\index.php(67): CodeIgniter\CodeIgniter->run()
CRITICAL - 2023-03-31 18:04:10 --> Undefined variable $page
in APPPATH\Controllers\Home.php on line 9.
 1 APPPATH\Controllers\Home.php(9): CodeIgniter\Debug\Exceptions->errorHandler(2, 'Undefined variable $page', 'C:\\xampp\\htdocs\\deep_ci\\app\\Controllers\\Home.php', 9)
 2 SYSTEMPATH\CodeIgniter.php(934): App\Controllers\Home->index()
 3 SYSTEMPATH\CodeIgniter.php(499): CodeIgniter\CodeIgniter->runController(Object(App\Controllers\Home))
 4 SYSTEMPATH\CodeIgniter.php(368): CodeIgniter\CodeIgniter->handleRequest(null, Object(Config\Cache), false)
 5 FCPATH\index.php(67): CodeIgniter\CodeIgniter->run()
CRITICAL - 2023-03-31 18:18:08 --> Invalid file: "pages/homehome.php"
in SYSTEMPATH\Exceptions\FrameworkException.php on line 33.
 1 SYSTEMPATH\View\View.php(201): CodeIgniter\Exceptions\FrameworkException::forInvalidFile('pages/homehome.php')
 2 SYSTEMPATH\Common.php(1184): CodeIgniter\View\View->render('pages/homehome', [], true)
 3 APPPATH\Controllers\Pages.php(17): view('pages/homehome')
 4 SYSTEMPATH\CodeIgniter.php(934): App\Controllers\Pages->view('home')
 5 SYSTEMPATH\CodeIgniter.php(499): CodeIgniter\CodeIgniter->runController(Object(App\Controllers\Pages))
 6 SYSTEMPATH\CodeIgniter.php(368): CodeIgniter\CodeIgniter->handleRequest(null, Object(Config\Cache), false)
 7 FCPATH\index.php(67): CodeIgniter\CodeIgniter->run()
CRITICAL - 2023-03-31 18:27:10 --> Undefined property: App\Controllers\Home::$load
in APPPATH\Controllers\Home.php on line 9.
 1 APPPATH\Controllers\Home.php(9): CodeIgniter\Debug\Exceptions->errorHandler(2, 'Undefined property: App\\Controllers\\Home::$load', 'C:\\xampp\\htdocs\\deep_ci\\app\\Controllers\\Home.php', 9)
 2 SYSTEMPATH\CodeIgniter.php(934): App\Controllers\Home->index()
 3 SYSTEMPATH\CodeIgniter.php(499): CodeIgniter\CodeIgniter->runController(Object(App\Controllers\Home))
 4 SYSTEMPATH\CodeIgniter.php(368): CodeIgniter\CodeIgniter->handleRequest(null, Object(Config\Cache), false)
 5 FCPATH\index.php(67): CodeIgniter\CodeIgniter->run()
CRITICAL - 2023-03-31 18:28:18 --> Undefined property: App\Controllers\Home::$load
in APPPATH\Controllers\Home.php on line 10.
 1 APPPATH\Controllers\Home.php(10): CodeIgniter\Debug\Exceptions->errorHandler(2, 'Undefined property: App\\Controllers\\Home::$load', 'C:\\xampp\\htdocs\\deep_ci\\app\\Controllers\\Home.php', 10)
 2 SYSTEMPATH\CodeIgniter.php(934): App\Controllers\Home->index()
 3 SYSTEMPATH\CodeIgniter.php(499): CodeIgniter\CodeIgniter->runController(Object(App\Controllers\Home))
 4 SYSTEMPATH\CodeIgniter.php(368): CodeIgniter\CodeIgniter->handleRequest(null, Object(Config\Cache), false)
 5 FCPATH\index.php(67): CodeIgniter\CodeIgniter->run()
CRITICAL - 2023-03-31 18:28:33 --> Undefined property: App\Controllers\Home::$load
in APPPATH\Controllers\Home.php on line 9.
 1 APPPATH\Controllers\Home.php(9): CodeIgniter\Debug\Exceptions->errorHandler(2, 'Undefined property: App\\Controllers\\Home::$load', 'C:\\xampp\\htdocs\\deep_ci\\app\\Controllers\\Home.php', 9)
 2 SYSTEMPATH\CodeIgniter.php(934): App\Controllers\Home->index()
 3 SYSTEMPATH\CodeIgniter.php(499): CodeIgniter\CodeIgniter->runController(Object(App\Controllers\Home))
 4 SYSTEMPATH\CodeIgniter.php(368): CodeIgniter\CodeIgniter->handleRequest(null, Object(Config\Cache), false)
 5 FCPATH\index.php(67): CodeIgniter\CodeIgniter->run()
CRITICAL - 2023-03-31 18:28:46 --> Undefined property: App\Controllers\Home::$load
in APPPATH\Controllers\Home.php on line 9.
 1 APPPATH\Controllers\Home.php(9): CodeIgniter\Debug\Exceptions->errorHandler(2, 'Undefined property: App\\Controllers\\Home::$load', 'C:\\xampp\\htdocs\\deep_ci\\app\\Controllers\\Home.php', 9)
 2 SYSTEMPATH\CodeIgniter.php(934): App\Controllers\Home->index()
 3 SYSTEMPATH\CodeIgniter.php(499): CodeIgniter\CodeIgniter->runController(Object(App\Controllers\Home))
 4 SYSTEMPATH\CodeIgniter.php(368): CodeIgniter\CodeIgniter->handleRequest(null, Object(Config\Cache), false)
 5 FCPATH\index.php(67): CodeIgniter\CodeIgniter->run()
CRITICAL - 2023-03-31 18:36:38 --> syntax error, unexpected token ";"
in APPPATH\Views\templates\header.php on line 8.
 1 SYSTEMPATH\View\View.php(216): CodeIgniter\View\View->CodeIgniter\View\{closure}()
 2 SYSTEMPATH\Common.php(1184): CodeIgniter\View\View->render('templates/header', [], true)
 3 APPPATH\Controllers\Pages.php(16): view('templates/header', [...])
 4 SYSTEMPATH\CodeIgniter.php(934): App\Controllers\Pages->view('about')
 5 SYSTEMPATH\CodeIgniter.php(499): CodeIgniter\CodeIgniter->runController(Object(App\Controllers\Pages))
 6 SYSTEMPATH\CodeIgniter.php(368): CodeIgniter\CodeIgniter->handleRequest(null, Object(Config\Cache), false)
 7 FCPATH\index.php(67): CodeIgniter\CodeIgniter->run()
CRITICAL - 2023-03-31 18:36:42 --> syntax error, unexpected token ";"
in APPPATH\Views\templates\header.php on line 8.
 1 SYSTEMPATH\View\View.php(216): CodeIgniter\View\View->CodeIgniter\View\{closure}()
 2 SYSTEMPATH\Common.php(1184): CodeIgniter\View\View->render('templates/header', [], true)
 3 APPPATH\Controllers\Pages.php(16): view('templates/header', [...])
 4 SYSTEMPATH\CodeIgniter.php(934): App\Controllers\Pages->view('about')
 5 SYSTEMPATH\CodeIgniter.php(499): CodeIgniter\CodeIgniter->runController(Object(App\Controllers\Pages))
 6 SYSTEMPATH\CodeIgniter.php(368): CodeIgniter\CodeIgniter->handleRequest(null, Object(Config\Cache), false)
 7 FCPATH\index.php(67): CodeIgniter\CodeIgniter->run()
CRITICAL - 2023-03-31 18:59:57 --> Class "App\Controllers\PageNotFoundException" not found
in APPPATH\Controllers\Pages.php on line 11.
 1 SYSTEMPATH\CodeIgniter.php(934): App\Controllers\Pages->view('index.html')
 2 SYSTEMPATH\CodeIgniter.php(499): CodeIgniter\CodeIgniter->runController(Object(App\Controllers\Pages))
 3 SYSTEMPATH\CodeIgniter.php(368): CodeIgniter\CodeIgniter->handleRequest(null, Object(Config\Cache), false)
 4 FCPATH\index.php(67): CodeIgniter\CodeIgniter->run()
